16/11/19
Project initiated.

18/11/19
Project structure established, resources reorganised.

19/11/19
Tests implemented for abstract classes.
Minor reformatting.

20/11/19
Frog class partially refactored.

21/11/19
Further refactoring on the Frog class.
Bug: Points calculation error when frog enters the same slot multiple times.
Bug: Points not awarded when holding W to progress forward.
Fix: Points not awarded when holding W to progress forward: extract method refactoring.
Bug: Points calculation error on certain deaths.
Bug: Frog movement issues.

23/11/19
Fix: Points calculation error when frog enters the same slot multiple times.
Fix: Frog movement issues.
Fix: Points display and calculation error.

24/11/19
Resources reorganised.
General refactoring on concrete Actor classes.
Extracted BackgroundMusic class from MyStage and applied with Singleton pattern.
World class made concrete and MyStage class removed.
Fix: Turtles and WetTurtles disappear on the left edge.

25/11/19
Start adopting the MVC pattern.

26/11/19
Preliminary design to the Home view.
Game view generally adapted to the MVC pattern.
Refined pictures on Game view.

27/11/19
Feature: Making the game infinite and adding life limits to the frog.
Feature: Adding pausing functionality to the game.

29/11/19
Preliminary design to the High Score view.

01/12/19
Feature: Leaderboard system implemented.
Feature: Muting functionality added.
Home view adapted to css.

03/12/19
Game view adapted to the MVC pattern.
Tests written for concrete classes.
Adding feature of speeding up on level up: abstract class MovingActor.
Adding the snake to the game.
Adding crocodile head and fly to the slots.
Help view implemented.

04/12/19
Introducing crocodiles to the game.
Introducing log snakes to the game.
Refined digit pictures.
Improved killing accuracy of crocodile head.
Level indicator added.

05/12/19
Fix: Reset music mute status for each game.
Help view refined.

06/12/19
Feature: easter egg.
Feature: Application icon added.
Giving a bonus life for every passed 5 levels.

07/12/19
Draft of README written.

08/12/19
Refactoring on the controllers for single responsibility.
Javadoc partially added.
